<?xml version="1.0" encoding="UTF-8"?>
<testsuite xmlns:xsi="http://www.w3.org/2001/XMLSchema-instance" xsi:noNamespaceSchemaLocation="https://maven.apache.org/surefire/maven-surefire-plugin/xsd/surefire-test-report.xsd" name="com.whgc.MyblogCombatApplicationTests" time="10.185" tests="12" errors="0" skipped="0" failures="0">
  <properties>
[...]
</properties>
  <testcase name="selectBlog" classname="com.whgc.MyblogCombatApplicationTests" time="0.64"/>
  <testcase name="testMD5" classname="com.whgc.MyblogCombatApplicationTests" time="0.594"/>
  <testcase name="testYear" classname="com.whgc.MyblogCombatApplicationTests" time="0.047"/>
  <testcase name="testfind" classname="com.whgc.MyblogCombatApplicationTests" time="0.078"/>
  <testcase name="testLikeQuery" classname="com.whgc.MyblogCombatApplicationTests" time="0.187"/>
  <testcase name="blogTagtest" classname="com.whgc.MyblogCombatApplicationTests" time="0.031"/>
  <testcase name="pageInfo" classname="com.whgc.MyblogCombatApplicationTests" time="0.11"/>
  <testcase name="pageTest" classname="com.whgc.MyblogCombatApplicationTests" time="0"/>
  <testcase name="commentMappertest" classname="com.whgc.MyblogCombatApplicationTests" time="0.047"/>
  <testcase name="contextLoads" classname="com.whgc.MyblogCombatApplicationTests" time="0.234"/>
  <testcase name="testDescAllBlog" classname="com.whgc.MyblogCombatApplicationTests" time="0.219"/>
  <testcase name="Likequery" classname="com.whgc.MyblogCombatApplicationTests" time="0"/>
</testsuite>